app/build/outputs/logs/manifest-merger-debug-report.txt
-- Merging decision tree log ---
manifest
ADDED from src\main\AndroidManifest.xml:2:1-31:12
	xmlns:android
		ADDED from src\main\AndroidManifest.xml:2:11-69
	package
		ADDED from src\main\AndroidManifest.xml:3:7-38
		INJECTED from src\main\AndroidManifest.xml
		INJECTED from src\main\AndroidManifest.xml
	android:versionName
		ADDED from src\main\AndroidManifest.xml:5:7-32
		INJECTED from src\main\AndroidManifest.xml
		INJECTED from src\main\AndroidManifest.xml
	android:versionCode
		ADDED from src\main\AndroidManifest.xml:4:7-30
		INJECTED from src\main\AndroidManifest.xml
		INJECTED from src\main\AndroidManifest.xml
uses-sdk
ADDED from src\main\AndroidManifest.xml:6:5-44
MERGED from [com.android.support:multidex:1.0.1] AndroidManifest.xml:18:5-42
	android:targetSdkVersion
		INJECTED from src\main\AndroidManifest.xml
		INJECTED from src\main\AndroidManifest.xml
	android:minSdkVersion
		ADDED from src\main\AndroidManifest.xml:6:15-41
		INJECTED from src\main\AndroidManifest.xml
		INJECTED from src\main\AndroidManifest.xml
application
ADDED from src\main\AndroidManifest.xml:8:5-25:19
	android:label
		ADDED from src\main\AndroidManifest.xml:8:53-85
	android:icon
		ADDED from src\main\AndroidManifest.xml:8:18-52
activity#com.android.flypigeon.home.FlyPigeonMainActivity
ADDED from src\main\AndroidManifest.xml:9:9-16:20
	android:label
		ADDED from src\main\AndroidManifest.xml:11:19-51
	android:configChanges
		ADDED from src\main\AndroidManifest.xml:10:19-69
	android:name
		ADDED from src\main\AndroidManifest.xml:9:19-61
intent-filter#android.intent.action.MAIN+android.intent.category.LAUNCHER
ADDED from src\main\AndroidManifest.xml:12:13-15:29
action#android.intent.action.MAIN
ADDED from src\main\AndroidManifest.xml:13:17-69
	android:name
		ADDED from src\main\AndroidManifest.xml:13:25-66
category#android.intent.category.LAUNCHER
ADDED from src\main\AndroidManifest.xml:14:17-77
	android:name
		ADDED from src\main\AndroidManifest.xml:14:27-74
activity#com.android.flypigeon.home.ChartMsgActivity
ADDED from src\main\AndroidManifest.xml:18:9-19:65
	android:configChanges
		ADDED from src\main\AndroidManifest.xml:19:13-63
	android:name
		ADDED from src\main\AndroidManifest.xml:18:19-56
activity#com.android.flypigeon.home.MyFileManager
ADDED from src\main\AndroidManifest.xml:20:9-22:49
	android:configChanges
		ADDED from src\main\AndroidManifest.xml:21:4-54
	android:theme
		ADDED from src\main\AndroidManifest.xml:22:4-47
	android:name
		ADDED from src\main\AndroidManifest.xml:20:20-54
service#com.android.flypigeon.service.MainService
ADDED from src\main\AndroidManifest.xml:24:3-73
	android:enabled
		ADDED from src\main\AndroidManifest.xml:24:12-34
	android:name
		ADDED from src\main\AndroidManifest.xml:24:35-70
uses-permission#android.permission.CHANGE_WIFI_MULTICAST_STATE
ADDED from src\main\AndroidManifest.xml:26:5-85
	android:name
		ADDED from src\main\AndroidManifest.xml:26:22-83
uses-permission#android.permission.CHANGE_WIFI_STATE
ADDED from src\main\AndroidManifest.xml:27:4-74
	android:name
		ADDED from src\main\AndroidManifest.xml:27:21-72
uses-permission#android.permission.ACCESS_WIFI_STATE
ADDED from src\main\AndroidManifest.xml:28:4-74
	android:name
		ADDED from src\main\AndroidManifest.xml:28:21-72
uses-permission#android.permission.INTERNET
ADDED from src\main\AndroidManifest.xml:29:4-65
	android:name
		ADDED from src\main\AndroidManifest.xml:29:21-63
uses-permission#android.permission.RECORD_AUDIO
ADDED from src\main\AndroidManifest.xml:30:4-69
	android:name
		ADDED from src\main\AndroidManifest.xml:30:21-67